# Logfile created on 2014-07-29 21:58:39 +0800 by logger.rb/44203
I, [2014-07-29T21:59:00.147385 #631]  INFO -- : gate_server[ 0.0.0.0, 50560 ]启动完成
I, [2014-07-29T21:59:00.147456 #631]  INFO -- : gate_server Connecting to LoginServer
I, [2014-07-29T21:59:00.147598 #631]  INFO -- : gate_server Connecting to LoginServer successful
I, [2014-07-29T21:59:00.147656 #631]  INFO -- : gate_server Connecting to RunServer
I, [2014-07-29T21:59:00.147797 #631]  INFO -- : gate_server Connecting to RunServer successful
I, [2014-07-29T21:59:48.832476 #637]  INFO -- : gate_server[ 0.0.0.0, 50560 ]启动完成
I, [2014-07-29T21:59:48.832531 #637]  INFO -- : gate_server Connecting to LoginServer
I, [2014-07-29T21:59:48.832663 #637]  INFO -- : gate_server Connecting to LoginServer successful
I, [2014-07-29T21:59:48.832759 #637]  INFO -- : gate_server Connecting to RunServer
I, [2014-07-29T21:59:48.832921 #637]  INFO -- : gate_server Connecting to RunServer successful
W, [2014-07-29T22:06:23.049671 #637]  WARN -- : gate_server 无法找到处理-1024协议的方法
W, [2014-07-29T22:06:23.049879 #637]  WARN -- : gate_server 无法找到处理-5632协议的方法
W, [2014-07-29T22:07:45.490827 #637]  WARN -- : gate_server 无法找到处理62协议的方法
I, [2014-07-29T22:10:35.621891 #1159]  INFO -- : gate_server[ 0.0.0.0, 50560 ]启动完成
I, [2014-07-29T22:10:35.621950 #1159]  INFO -- : gate_server Connecting to LoginServer
I, [2014-07-29T22:10:35.622152 #1159]  INFO -- : gate_server Connecting to LoginServer successful
I, [2014-07-29T22:10:35.622253 #1159]  INFO -- : gate_server Connecting to RunServer
I, [2014-07-29T22:10:35.622444 #1159]  INFO -- : gate_server Connecting to RunServer successful
I, [2014-07-29T22:12:04.292680 #1196]  INFO -- : gate_server[ 0.0.0.0, 50560 ]启动完成
I, [2014-07-29T22:12:04.292766 #1196]  INFO -- : gate_server Connecting to LoginServer
I, [2014-07-29T22:12:04.292962 #1196]  INFO -- : gate_server Connecting to LoginServer successful
I, [2014-07-29T22:12:04.293030 #1196]  INFO -- : gate_server Connecting to RunServer
I, [2014-07-29T22:12:04.293167 #1196]  INFO -- : gate_server Connecting to RunServer successful
I, [2014-07-29T22:12:34.660223 #1221]  INFO -- : gate_server[ 0.0.0.0, 50560 ]启动完成
I, [2014-07-29T22:12:34.660314 #1221]  INFO -- : gate_server Connecting to LoginServer
I, [2014-07-29T22:12:34.660535 #1221]  INFO -- : gate_server Connecting to LoginServer successful
I, [2014-07-29T22:12:34.660610 #1221]  INFO -- : gate_server Connecting to RunServer
I, [2014-07-29T22:12:34.660751 #1221]  INFO -- : gate_server Connecting to RunServer successful
W, [2014-07-29T22:14:06.949148 #1221]  WARN -- : gate_server 无法找到处理62协议的方法
W, [2014-07-29T22:14:06.949403 #1221]  WARN -- : gate_server 无法找到处理14协议的方法
I, [2014-07-29T22:14:43.877690 #1264]  INFO -- : gate_server[ 0.0.0.0, 50560 ]启动完成
I, [2014-07-29T22:14:43.877781 #1264]  INFO -- : gate_server Connecting to LoginServer
I, [2014-07-29T22:14:43.879564 #1264]  INFO -- : gate_server Connecting to LoginServer successful
I, [2014-07-29T22:14:43.879806 #1264]  INFO -- : gate_server Connecting to RunServer
I, [2014-07-29T22:14:43.881218 #1264]  INFO -- : gate_server Connecting to RunServer successful
W, [2014-07-29T22:14:48.225585 #1264]  WARN -- : gate_server 无法找到处理14协议的方法
