# Logfile created on 2014-06-11 12:25:15 +0800 by logger.rb/44203
I, [2014-06-11T12:25:21.494803 #7414]  INFO -- : 10009 login
I, [2014-06-11T12:25:23.547937 #7414]  INFO -- : 10009 logout
I, [2014-06-11T12:33:54.100791 #8042]  INFO -- : create player (10009) from cache
I, [2014-06-11T12:33:54.100873 #8042]  INFO -- : 10009 login
I, [2014-06-11T12:34:07.943522 #8042]  INFO -- : 10009 logout
I, [2014-06-11T12:34:12.894842 #8042]  INFO -- : create player (10009) from cache
I, [2014-06-11T12:34:12.894923 #8042]  INFO -- : 10009 login
I, [2014-06-11T12:38:21.526942 #8438]  INFO -- : create player (10009) from cache
I, [2014-06-11T12:38:21.527013 #8438]  INFO -- : 10009 login
I, [2014-06-11T12:39:26.752053 #8529]  INFO -- : create player (10009) from cache
I, [2014-06-11T12:39:26.752122 #8529]  INFO -- : 10009 login
I, [2014-06-11T12:39:31.551700 #8529]  INFO -- : 10009 logout
I, [2014-06-11T14:46:45.236599 #10092]  INFO -- : create player (10009) from cache
I, [2014-06-11T14:46:45.236684 #10092]  INFO -- : 10009 login
I, [2014-06-11T14:47:07.753053 #10136]  INFO -- : create player (10009) from cache
I, [2014-06-11T14:47:07.753176 #10136]  INFO -- : 10009 login
I, [2014-06-11T14:47:27.204139 #10170]  INFO -- : create player (10009) from cache
I, [2014-06-11T14:47:27.204237 #10170]  INFO -- : 10009 login
I, [2014-06-11T14:48:04.776878 #10236]  INFO -- : create player (10009) from cache
I, [2014-06-11T14:48:04.776974 #10236]  INFO -- : 10009 login
I, [2014-06-11T14:48:06.455700 #10236]  INFO -- : 10009 logout
I, [2014-06-11T14:48:28.899082 #10291]  INFO -- : create player (10009) from cache
I, [2014-06-11T14:48:28.899158 #10291]  INFO -- : 10009 login
I, [2014-06-11T14:48:39.968843 #10291]  INFO -- : 10009 logout
I, [2014-06-11T14:49:29.876962 #10376]  INFO -- : create player (10009) from cache
I, [2014-06-11T14:49:29.877036 #10376]  INFO -- : 10009 login
I, [2014-06-11T14:50:23.149347 #10376]  INFO -- : 10009 logout
I, [2014-06-11T14:53:20.291364 #10376]  INFO -- : create player (10009) from cache
I, [2014-06-11T14:53:20.291442 #10376]  INFO -- : 10009 login
I, [2014-06-11T14:53:29.467448 #10625]  INFO -- : create player (10009) from cache
I, [2014-06-11T14:53:29.467543 #10625]  INFO -- : 10009 login
I, [2014-06-11T15:04:15.241082 #11288]  INFO -- : create player (10009) from cache
I, [2014-06-11T15:04:15.241181 #11288]  INFO -- : 10009 login
I, [2014-06-11T15:05:02.454954 #11334]  INFO -- : create player (10009) from cache
I, [2014-06-11T15:05:02.455078 #11334]  INFO -- : 10009 login
I, [2014-06-11T15:05:56.092849 #11334]  INFO -- : 10009 logout
I, [2014-06-11T15:05:59.574439 #11334]  INFO -- : create player (10009) from cache
I, [2014-06-11T15:05:59.574537 #11334]  INFO -- : 10009 login
I, [2014-06-11T15:06:26.790873 #11431]  INFO -- : create player (10009) from cache
I, [2014-06-11T15:06:26.790945 #11431]  INFO -- : 10009 login
I, [2014-06-11T15:06:59.197566 #11474]  INFO -- : create player (10009) from cache
I, [2014-06-11T15:06:59.197622 #11474]  INFO -- : 10009 login
I, [2014-06-11T15:09:38.674870 #11756]  INFO -- : create player (10009) from cache
I, [2014-06-11T15:09:38.674968 #11756]  INFO -- : 10009 login
I, [2014-06-11T15:20:20.395217 #11756]  INFO -- : 10009 logout
I, [2014-06-11T15:20:34.786503 #11756]  INFO -- : create player (10009) from cache
I, [2014-06-11T15:20:34.786610 #11756]  INFO -- : 10009 login
I, [2014-06-11T15:20:49.056737 #12484]  INFO -- : create player (10009) from cache
I, [2014-06-11T15:20:49.056807 #12484]  INFO -- : 10009 login
I, [2014-06-11T15:21:16.675395 #12484]  INFO -- : 10009 logout
I, [2014-06-11T15:21:21.239099 #12484]  INFO -- : create player (10009) from cache
I, [2014-06-11T15:21:21.239172 #12484]  INFO -- : 10009 login
I, [2014-06-11T15:21:41.675261 #12561]  INFO -- : create player (10009) from cache
I, [2014-06-11T15:21:41.675359 #12561]  INFO -- : 10009 login
I, [2014-06-11T15:22:19.706578 #12594]  INFO -- : create player (10009) from cache
I, [2014-06-11T15:22:19.706657 #12594]  INFO -- : 10009 login
I, [2014-06-11T15:23:10.044685 #12651]  INFO -- : create player (10009) from cache
I, [2014-06-11T15:23:10.044823 #12651]  INFO -- : 10009 login
I, [2014-06-11T15:24:05.220077 #12689]  INFO -- : create player (10009) from cache
I, [2014-06-11T15:24:05.220170 #12689]  INFO -- : 10009 login
I, [2014-06-11T15:26:02.051666 #12860]  INFO -- : create player (10009) from cache
I, [2014-06-11T15:26:02.051764 #12860]  INFO -- : 10009 login
I, [2014-06-11T15:26:48.719080 #12904]  INFO -- : create player (10009) from cache
I, [2014-06-11T15:26:48.719501 #12904]  INFO -- : 10009 login
I, [2014-06-11T15:27:15.895386 #12940]  INFO -- : create player (10009) from cache
I, [2014-06-11T15:27:15.895716 #12940]  INFO -- : 10009 login
I, [2014-06-11T15:27:41.922678 #12972]  INFO -- : create player (10009) from cache
I, [2014-06-11T15:27:41.923034 #12972]  INFO -- : 10009 login
I, [2014-06-11T17:09:53.454243 #14091]  INFO -- : create player (10009) from cache
I, [2014-06-11T17:09:53.469216 #14091]  INFO -- : 10009 login
I, [2014-06-11T17:34:52.676812 #16038]  INFO -- : create player (10009) from cache
I, [2014-06-11T17:34:52.677107 #16038]  INFO -- : 10009 login
I, [2014-06-11T17:35:16.765146 #16070]  INFO -- : create player (10009) from cache
I, [2014-06-11T17:35:16.765213 #16070]  INFO -- : 10009 login
I, [2014-06-11T17:36:14.722396 #16126]  INFO -- : create player (10009) from cache
I, [2014-06-11T17:36:14.722468 #16126]  INFO -- : 10009 login
I, [2014-06-11T17:38:06.216479 #16202]  INFO -- : create player (10009) from cache
I, [2014-06-11T17:38:06.216572 #16202]  INFO -- : 10009 login
I, [2014-06-11T17:38:07.228698 #16202]  INFO -- : 10009 logout
I, [2014-06-11T17:40:03.991007 #16371]  INFO -- : create player (10009) from cache
I, [2014-06-11T17:40:03.991091 #16371]  INFO -- : 10009 login
I, [2014-06-11T17:40:06.172864 #16371]  INFO -- : 10009 logout
I, [2014-06-11T17:41:25.091952 #16475]  INFO -- : create player (10009) from cache
I, [2014-06-11T17:41:25.092010 #16475]  INFO -- : 10009 login
I, [2014-06-11T17:41:26.606344 #16475]  INFO -- : 10009 logout
I, [2014-06-11T17:42:08.495945 #16530]  INFO -- : create player (10009) from cache
I, [2014-06-11T17:42:08.496030 #16530]  INFO -- : 10009 login
I, [2014-06-11T17:42:10.365383 #16530]  INFO -- : 10009 logout
I, [2014-06-11T17:42:40.424866 #16606]  INFO -- : create player (10009) from cache
I, [2014-06-11T17:42:40.424982 #16606]  INFO -- : 10009 login
I, [2014-06-11T17:42:42.217155 #16606]  INFO -- : 10009 logout
I, [2014-06-11T17:51:42.495644 #16746]  INFO -- : create player (10009) from cache
I, [2014-06-11T17:51:42.495729 #16746]  INFO -- : 10009 login
I, [2014-06-11T17:52:10.730649 #16746]  INFO -- : 10009 logout
I, [2014-06-11T17:53:55.310220 #16783]  INFO -- : create player (10009) from cache
I, [2014-06-11T17:53:55.310313 #16783]  INFO -- : 10009 login
I, [2014-06-11T17:53:56.239891 #16783]  INFO -- : 10009 logout
I, [2014-06-11T17:55:42.855559 #16882]  INFO -- : create player (10009) from cache
I, [2014-06-11T17:55:42.855638 #16882]  INFO -- : 10009 login
I, [2014-06-11T17:55:44.380798 #16882]  INFO -- : 10009 logout
I, [2014-06-11T17:57:12.159351 #16952]  INFO -- : create player (10009) from cache
I, [2014-06-11T17:57:12.159444 #16952]  INFO -- : 10009 login
I, [2014-06-11T17:57:14.128301 #16952]  INFO -- : 10009 logout
I, [2014-06-11T17:57:49.401407 #16983]  INFO -- : create player (10009) from cache
I, [2014-06-11T17:57:49.401480 #16983]  INFO -- : 10009 login
I, [2014-06-11T17:57:50.985876 #16983]  INFO -- : 10009 logout
I, [2014-06-11T17:58:23.946358 #17022]  INFO -- : create player (10009) from cache
I, [2014-06-11T17:58:23.946450 #17022]  INFO -- : 10009 login
I, [2014-06-11T17:58:24.584918 #17022]  INFO -- : 10009 logout
I, [2014-06-11T18:09:16.072160 #17022]  INFO -- : create player (10009) from cache
I, [2014-06-11T18:09:16.072473 #17022]  INFO -- : 10009 login
I, [2014-06-11T18:09:17.815715 #17022]  INFO -- : 10009 logout
I, [2014-06-11T18:10:02.556475 #17205]  INFO -- : create player (10009) from cache
I, [2014-06-11T18:10:02.556556 #17205]  INFO -- : 10009 login
I, [2014-06-11T18:10:03.997297 #17205]  INFO -- : 10009 logout
I, [2014-06-11T18:10:56.618055 #17205]  INFO -- : create player (10009) from cache
I, [2014-06-11T18:10:56.618199 #17205]  INFO -- : 10009 login
I, [2014-06-11T18:10:57.244591 #17205]  INFO -- : 10009 logout
I, [2014-06-11T18:11:14.816391 #17275]  INFO -- : create player (10009) from cache
I, [2014-06-11T18:11:14.816462 #17275]  INFO -- : 10009 login
I, [2014-06-11T18:11:16.276364 #17275]  INFO -- : 10009 logout
I, [2014-06-11T18:11:24.660331 #17275]  INFO -- : create player (10009) from cache
I, [2014-06-11T18:11:24.660421 #17275]  INFO -- : 10009 login
I, [2014-06-11T18:11:25.603396 #17275]  INFO -- : 10009 logout
I, [2014-06-11T18:12:11.325616 #17359]  INFO -- : create player (10009) from cache
I, [2014-06-11T18:12:11.325693 #17359]  INFO -- : 10009 login
I, [2014-06-11T18:12:12.554272 #17359]  INFO -- : 10009 logout
I, [2014-06-11T18:12:49.113868 #17413]  INFO -- : create player (10009) from cache
I, [2014-06-11T18:12:49.113939 #17413]  INFO -- : 10009 login
I, [2014-06-11T18:12:49.467653 #17413]  INFO -- : 10009 logout
I, [2014-06-11T18:23:25.580119 #18141]  INFO -- : create player (10009) from database
I, [2014-06-11T18:23:25.582862 #18141]  INFO -- : 10009 login
I, [2014-06-11T18:23:44.001957 #18186]  INFO -- : create player (10009) from database
I, [2014-06-11T18:23:44.005202 #18186]  INFO -- : 10009 login
I, [2014-06-11T18:23:52.281141 #18186]  INFO -- : 10009 logout
I, [2014-06-11T18:23:55.817393 #18186]  INFO -- : create player (10009) from database
I, [2014-06-11T18:23:55.821103 #18186]  INFO -- : 10009 login
I, [2014-06-11T18:24:15.384064 #18236]  INFO -- : create player (10009) from cache
I, [2014-06-11T18:24:15.384162 #18236]  INFO -- : 10009 login
I, [2014-06-11T18:24:16.531627 #18236]  INFO -- : 10009 logout
I, [2014-06-11T18:28:09.184097 #18422]  INFO -- : create player (10009) from cache
I, [2014-06-11T18:28:09.184187 #18422]  INFO -- : 10009 login
I, [2014-06-11T18:28:10.818162 #18422]  INFO -- : 10009 logout
I, [2014-06-11T18:30:49.249213 #18550]  INFO -- : create player (10009) from database
I, [2014-06-11T18:30:49.250455 #18550]  INFO -- : 10009 login
I, [2014-06-11T18:30:50.380665 #18550]  INFO -- : 10009 logout
I, [2014-06-11T18:31:49.762287 #18621]  INFO -- : create player (10009) from database
I, [2014-06-11T18:31:49.762968 #18621]  INFO -- : 10009 login
I, [2014-06-11T18:31:50.338949 #18621]  INFO -- : 10009 logout
I, [2014-06-11T18:31:57.179861 #18621]  INFO -- : create player (10009) from database
I, [2014-06-11T18:31:57.181599 #18621]  INFO -- : 10009 login
I, [2014-06-11T18:34:15.953499 #18762]  INFO -- : create player (10009) from database
I, [2014-06-11T18:34:15.954958 #18762]  INFO -- : 10009 login
I, [2014-06-11T18:34:17.657918 #18762]  INFO -- : 10009 logout
I, [2014-06-11T18:34:31.650886 #18780]  INFO -- : create player (10009) from database
I, [2014-06-11T18:34:31.652383 #18780]  INFO -- : 10009 login
I, [2014-06-11T18:34:33.493183 #18780]  INFO -- : 10009 logout
I, [2014-06-11T18:35:08.001629 #18819]  INFO -- : create player (10009) from cache
I, [2014-06-11T18:35:08.001732 #18819]  INFO -- : 10009 login
I, [2014-06-11T18:35:08.617821 #18819]  INFO -- : 10009 logout
I, [2014-06-11T18:35:17.590078 #18819]  INFO -- : create player (10009) from cache
I, [2014-06-11T18:35:17.590153 #18819]  INFO -- : 10009 login
I, [2014-06-11T18:35:18.880751 #18819]  INFO -- : 10009 logout
I, [2014-06-11T18:49:59.461019 #19163]  INFO -- : create player (10009) from cache
I, [2014-06-11T18:49:59.461390 #19163]  INFO -- : 10009 login
I, [2014-06-11T18:50:00.159698 #19163]  INFO -- : 10009 logout
I, [2014-06-11T20:02:21.856668 #21019]  INFO -- : create player (10009) from cache
I, [2014-06-11T20:02:21.856736 #21019]  INFO -- : 10009 login
I, [2014-06-11T20:02:23.726413 #21019]  INFO -- : 10009 logout
I, [2014-06-11T20:15:30.891866 #22102]  INFO -- : create player (10009) from cache
I, [2014-06-11T20:15:30.891947 #22102]  INFO -- : 10009 login
I, [2014-06-11T20:15:40.325831 #22102]  INFO -- : 10009 logout
I, [2014-06-11T20:16:00.269432 #22102]  INFO -- : create player (10009) from cache
I, [2014-06-11T20:16:00.269493 #22102]  INFO -- : 10009 login
I, [2014-06-11T20:16:10.260368 #22179]  INFO -- : create player (10009) from cache
I, [2014-06-11T20:16:10.260456 #22179]  INFO -- : 10009 login
I, [2014-06-11T20:16:11.243781 #22179]  INFO -- : 10009 logout
I, [2014-06-11T20:16:35.681109 #22179]  INFO -- : create player (10009) from cache
I, [2014-06-11T20:16:35.681241 #22179]  INFO -- : 10009 login
I, [2014-06-11T20:16:47.199669 #22261]  INFO -- : create player (10009) from cache
I, [2014-06-11T20:16:47.199839 #22261]  INFO -- : 10009 login
I, [2014-06-11T20:16:49.453859 #22261]  INFO -- : 10009 logout
I, [2014-06-11T20:17:22.593442 #22341]  INFO -- : create player (10009) from cache
I, [2014-06-11T20:17:22.593519 #22341]  INFO -- : 10009 login
I, [2014-06-11T20:17:23.243637 #22341]  INFO -- : 10009 logout
I, [2014-06-11T20:17:36.930285 #22341]  INFO -- : create player (10009) from cache
I, [2014-06-11T20:17:36.930369 #22341]  INFO -- : 10009 login
I, [2014-06-11T20:17:51.654885 #22390]  INFO -- : create player (10009) from cache
I, [2014-06-11T20:17:51.654955 #22390]  INFO -- : 10009 login
I, [2014-06-11T20:19:33.028673 #22459]  INFO -- : create player (10009) from cache
I, [2014-06-11T20:19:33.028764 #22459]  INFO -- : 10009 login
I, [2014-06-11T20:20:17.910653 #22515]  INFO -- : create player (10009) from database
I, [2014-06-11T20:20:17.914468 #22515]  INFO -- : 10009 login
I, [2014-06-11T20:20:24.230050 #22515]  INFO -- : 10009 logout
I, [2014-06-11T20:21:12.768830 #22559]  INFO -- : create player (10009) from cache
I, [2014-06-11T20:21:12.768892 #22559]  INFO -- : 10009 login
I, [2014-06-11T20:21:13.657251 #22559]  INFO -- : 10009 logout
I, [2014-06-11T20:21:56.378637 #22588]  INFO -- : create player (10009) from cache
I, [2014-06-11T20:21:56.378731 #22588]  INFO -- : 10009 login
I, [2014-06-11T20:23:25.135132 #22673]  INFO -- : create player (10009) from cache
I, [2014-06-11T20:23:25.135217 #22673]  INFO -- : 10009 login
I, [2014-06-11T20:23:30.160979 #22673]  INFO -- : 10009 logout
I, [2014-06-11T20:23:34.659554 #22673]  INFO -- : create player (10009) from cache
I, [2014-06-11T20:23:34.659635 #22673]  INFO -- : 10009 login
I, [2014-06-11T20:23:39.294160 #22673]  INFO -- : 10009 logout
I, [2014-06-11T20:23:43.236052 #22673]  INFO -- : create player (10009) from cache
I, [2014-06-11T20:23:43.236147 #22673]  INFO -- : 10009 login
I, [2014-06-11T20:23:45.974862 #22673]  INFO -- : 10009 logout
I, [2014-06-11T20:37:20.760306 #23343]  INFO -- : create player (10009) from cache
I, [2014-06-11T20:37:20.760395 #23343]  INFO -- : 10009 login
I, [2014-06-11T20:37:21.596999 #23343]  INFO -- : 10009 logout
I, [2014-06-11T20:39:31.494733 #23411]  INFO -- : create player (10009) from cache
I, [2014-06-11T20:39:31.494827 #23411]  INFO -- : 10009 login
I, [2014-06-11T20:39:31.913907 #23411]  INFO -- : 10009 logout
I, [2014-06-11T20:40:45.814654 #23463]  INFO -- : create player (10009) from cache
I, [2014-06-11T20:40:45.814750 #23463]  INFO -- : 10009 login
I, [2014-06-11T20:40:47.078606 #23463]  INFO -- : 10009 logout
I, [2014-06-11T20:40:52.973671 #23463]  INFO -- : create player (10009) from cache
I, [2014-06-11T20:40:52.973760 #23463]  INFO -- : 10009 login
I, [2014-06-11T20:40:53.566553 #23463]  INFO -- : 10009 logout
I, [2014-06-11T20:41:23.533117 #23496]  INFO -- : create player (10009) from cache
I, [2014-06-11T20:41:23.533189 #23496]  INFO -- : 10009 login
I, [2014-06-11T20:41:26.448454 #23496]  INFO -- : 10009 logout
I, [2014-06-11T20:42:32.502863 #23531]  INFO -- : create player (10009) from database
I, [2014-06-11T20:42:32.505719 #23531]  INFO -- : 10009 login
I, [2014-06-11T20:42:33.062819 #23531]  INFO -- : 10009 logout
I, [2014-06-11T20:42:55.840819 #23531]  INFO -- : create player (10009) from database
I, [2014-06-11T20:42:55.844541 #23531]  INFO -- : 10009 login
I, [2014-06-11T20:42:57.062526 #23531]  INFO -- : 10009 logout
I, [2014-06-11T20:43:02.909008 #23531]  INFO -- : create player (10009) from database
I, [2014-06-11T20:43:02.911326 #23531]  INFO -- : 10009 login
I, [2014-06-11T20:43:03.423615 #23531]  INFO -- : 10009 logout
I, [2014-06-11T20:43:20.891766 #23531]  INFO -- : create player (10009) from database
I, [2014-06-11T20:43:20.893892 #23531]  INFO -- : 10009 login
I, [2014-06-11T20:43:21.202665 #23531]  INFO -- : 10009 logout
I, [2014-06-11T20:45:42.201583 #23633]  INFO -- : create player (10009) from database
I, [2014-06-11T20:45:42.205008 #23633]  INFO -- : 10009 login
I, [2014-06-11T20:45:43.392560 #23633]  INFO -- : 10009 logout
I, [2014-06-11T20:45:47.966348 #23633]  INFO -- : create player (10009) from database
I, [2014-06-11T20:45:47.969731 #23633]  INFO -- : 10009 login
I, [2014-06-11T20:46:02.306991 #23633]  INFO -- : 10009 logout
I, [2014-06-11T20:46:06.104781 #23633]  INFO -- : create player (10009) from database
I, [2014-06-11T20:46:06.106786 #23633]  INFO -- : 10009 login
I, [2014-06-11T20:47:04.904457 #23726]  INFO -- : create player (10009) from database
I, [2014-06-11T20:47:04.907654 #23726]  INFO -- : 10009 login
I, [2014-06-11T20:47:05.595667 #23726]  INFO -- : 10009 logout
I, [2014-06-11T20:47:09.261269 #23726]  INFO -- : create player (10009) from database
I, [2014-06-11T20:47:09.264825 #23726]  INFO -- : 10009 login
I, [2014-06-11T20:47:09.894394 #23726]  INFO -- : 10009 logout
I, [2014-06-11T20:47:34.641782 #23726]  INFO -- : create player (10009) from database
I, [2014-06-11T20:47:34.646037 #23726]  INFO -- : 10009 login
I, [2014-06-11T20:47:35.467160 #23726]  INFO -- : 10009 logout
I, [2014-06-11T20:47:51.487888 #23726]  INFO -- : create player (10009) from database
I, [2014-06-11T20:47:51.492564 #23726]  INFO -- : 10009 login
I, [2014-06-11T20:47:56.178381 #23726]  INFO -- : 10009 logout
I, [2014-06-11T20:48:17.394054 #23726]  INFO -- : create player (10009) from database
I, [2014-06-11T20:48:17.397867 #23726]  INFO -- : 10009 login
I, [2014-06-11T20:48:19.056944 #23726]  INFO -- : 10009 logout
I, [2014-06-11T20:49:33.770320 #23835]  INFO -- : create player (10009) from database
I, [2014-06-11T20:49:33.772505 #23835]  INFO -- : 10009 login
I, [2014-06-11T20:50:55.586475 #23885]  INFO -- : create player (10009) from database
I, [2014-06-11T20:50:55.589792 #23885]  INFO -- : 10009 login
I, [2014-06-11T20:50:59.105893 #23885]  INFO -- : 10009 logout
I, [2014-06-11T20:51:03.730778 #23885]  INFO -- : create player (10009) from database
I, [2014-06-11T20:51:03.733883 #23885]  INFO -- : 10009 login
I, [2014-06-11T20:51:06.623236 #23885]  INFO -- : 10009 logout
I, [2014-06-11T20:51:38.690910 #23917]  INFO -- : create player (10009) from database
I, [2014-06-11T20:51:38.694739 #23917]  INFO -- : 10009 login
I, [2014-06-11T20:51:42.584748 #23917]  INFO -- : 10009 logout
I, [2014-06-11T21:08:32.492787 #24392]  INFO -- : create player (10009) from database
I, [2014-06-11T21:08:32.496149 #24392]  INFO -- : 10009 login
I, [2014-06-11T21:08:34.619450 #24392]  INFO -- : 10009 logout
I, [2014-06-11T21:08:46.734955 #24392]  INFO -- : create player (10009) from database
I, [2014-06-11T21:08:46.739232 #24392]  INFO -- : 10009 login
I, [2014-06-11T21:08:49.214978 #24392]  INFO -- : 10009 logout
I, [2014-06-11T21:09:30.143733 #24451]  INFO -- : create player (10009) from database
I, [2014-06-11T21:09:30.146820 #24451]  INFO -- : 10009 login
I, [2014-06-11T21:10:12.396991 #24527]  INFO -- : create player (10009) from database
I, [2014-06-11T21:10:12.400769 #24527]  INFO -- : 10009 login
I, [2014-06-11T21:10:14.063826 #24527]  INFO -- : 10009 logout
I, [2014-06-11T21:14:27.695847 #24906]  INFO -- : create player (10009) from database
I, [2014-06-11T21:14:27.700087 #24906]  INFO -- : 10009 login
I, [2014-06-11T21:14:28.852190 #24906]  INFO -- : 10009 logout
I, [2014-06-11T21:14:56.976377 #24906]  INFO -- : create player (10009) from database
I, [2014-06-11T21:14:56.980808 #24906]  INFO -- : 10009 login
I, [2014-06-11T21:14:58.315886 #24906]  INFO -- : 10009 logout
I, [2014-06-11T21:15:51.448255 #25008]  INFO -- : create player (10009) from database
I, [2014-06-11T21:15:51.451375 #25008]  INFO -- : 10009 login
I, [2014-06-11T21:15:53.539469 #25008]  INFO -- : 10009 logout
I, [2014-06-11T21:16:16.673659 #25062]  INFO -- : create player (10009) from database
I, [2014-06-11T21:16:16.676140 #25062]  INFO -- : 10009 login
I, [2014-06-11T21:16:19.534699 #25062]  INFO -- : 10009 logout
I, [2014-06-11T21:17:29.324475 #25126]  INFO -- : create player (10009) from database
I, [2014-06-11T21:17:29.328290 #25126]  INFO -- : 10009 login
I, [2014-06-11T21:17:30.389936 #25126]  INFO -- : 10009 logout
I, [2014-06-11T21:18:01.801743 #25180]  INFO -- : create player (10009) from database
I, [2014-06-11T21:18:01.805872 #25180]  INFO -- : 10009 login
I, [2014-06-11T21:18:02.496228 #25180]  INFO -- : 10009 logout
I, [2014-06-11T21:24:03.776169 #25509]  INFO -- : create player (10009) from cache
I, [2014-06-11T21:24:03.776261 #25509]  INFO -- : 10009 login
I, [2014-06-11T21:24:04.568667 #25509]  INFO -- : 10009 logout
I, [2014-06-11T21:31:13.479858 #26085]  INFO -- : create player (10009) from cache
I, [2014-06-11T21:31:13.479954 #26085]  INFO -- : 10009 login
I, [2014-06-11T21:31:14.229241 #26085]  INFO -- : 10009 logout
I, [2014-06-11T21:32:16.655795 #26176]  INFO -- : create player (10009) from cache
I, [2014-06-11T21:32:16.655905 #26176]  INFO -- : 10009 login
I, [2014-06-11T21:32:17.862410 #26176]  INFO -- : 10009 logout
I, [2014-06-11T21:33:00.149689 #26227]  INFO -- : create player (10009) from database
I, [2014-06-11T21:33:00.152253 #26227]  INFO -- : 10009 login
I, [2014-06-11T21:33:01.861785 #26227]  INFO -- : 10009 logout
I, [2014-06-12T10:44:34.392838 #2399]  INFO -- : create player (10036) from database
I, [2014-06-12T10:44:34.400436 #2399]  INFO -- : 10036 login
I, [2014-06-12T10:45:29.942971 #2399]  INFO -- : 10036 login
I, [2014-06-12T10:46:02.985874 #2399]  INFO -- : 10036 login
I, [2014-06-12T10:46:16.504675 #2399]  INFO -- : 10036 logout
I, [2014-06-12T10:46:47.177580 #2399]  INFO -- : create player (10036) from cache
I, [2014-06-12T10:46:47.177641 #2399]  INFO -- : 10036 login
I, [2014-06-12T10:48:12.826301 #2399]  INFO -- : 10036 logout
I, [2014-06-12T10:48:43.911177 #2399]  INFO -- : create player (10036) from cache
I, [2014-06-12T10:48:43.911234 #2399]  INFO -- : 10036 login
I, [2014-06-12T10:49:27.076162 #2399]  INFO -- : 10036 logout
I, [2014-06-12T10:49:45.658973 #2399]  INFO -- : create player (10036) from cache
I, [2014-06-12T10:49:45.659056 #2399]  INFO -- : 10036 login
I, [2014-06-12T11:06:41.257232 #2812]  INFO -- : create player (10036) from cache
I, [2014-06-12T11:06:41.257293 #2812]  INFO -- : 10036 login
I, [2014-06-12T11:07:26.129344 #2812]  INFO -- : 10036 logout
I, [2014-06-12T11:07:40.816520 #2812]  INFO -- : create player (10036) from cache
I, [2014-06-12T11:07:40.816575 #2812]  INFO -- : 10036 login
I, [2014-06-12T11:08:25.199843 #2812]  INFO -- : 10036 login
I, [2014-06-12T11:10:16.995152 #3085]  INFO -- : create player (10036) from cache
I, [2014-06-12T11:10:16.995212 #3085]  INFO -- : 10036 login
I, [2014-06-12T11:13:03.905282 #3085]  INFO -- : 10036 logout
I, [2014-06-12T11:13:57.381862 #3085]  INFO -- : create player (10036) from cache
I, [2014-06-12T11:13:57.381938 #3085]  INFO -- : 10036 login
I, [2014-06-12T11:14:41.881144 #3085]  INFO -- : 10036 logout
I, [2014-06-12T11:15:00.954616 #3085]  INFO -- : create player (10036) from cache
I, [2014-06-12T11:15:00.954672 #3085]  INFO -- : 10036 login
I, [2014-06-12T11:15:55.612659 #3085]  INFO -- : 10036 login
I, [2014-06-12T11:16:03.362337 #3085]  INFO -- : 10036 login
I, [2014-06-12T11:16:05.796838 #3085]  INFO -- : 10036 login
I, [2014-06-12T11:16:07.866434 #3085]  INFO -- : 10036 logout
I, [2014-06-12T11:18:05.691439 #3085]  INFO -- : create player (10009) from cache
I, [2014-06-12T11:18:05.691607 #3085]  INFO -- : 10009 login
I, [2014-06-12T11:18:31.827459 #3085]  INFO -- : 10009 logout
I, [2014-06-12T11:18:32.603324 #3085]  INFO -- : create player (10036) from cache
I, [2014-06-12T11:18:32.603415 #3085]  INFO -- : 10036 login
I, [2014-06-12T11:18:35.030466 #3085]  INFO -- : create player (10009) from cache
I, [2014-06-12T11:18:35.030571 #3085]  INFO -- : 10009 login
I, [2014-06-12T11:18:37.875048 #3085]  INFO -- : 10009 logout
I, [2014-06-12T11:19:41.213512 #3085]  INFO -- : 10036 logout
I, [2014-06-12T11:19:43.732892 #3085]  INFO -- : create player (10009) from cache
I, [2014-06-12T11:19:43.732978 #3085]  INFO -- : 10009 login
I, [2014-06-12T11:20:02.717647 #3085]  INFO -- : 10009 logout
I, [2014-06-12T11:20:06.911169 #3085]  INFO -- : create player (10009) from cache
I, [2014-06-12T11:20:06.911255 #3085]  INFO -- : 10009 login
I, [2014-06-12T11:20:25.941561 #3085]  INFO -- : 10009 logout
I, [2014-06-12T11:20:26.583109 #3085]  INFO -- : create player (10036) from cache
I, [2014-06-12T11:20:26.583175 #3085]  INFO -- : 10036 login
I, [2014-06-12T11:20:30.501070 #3085]  INFO -- : create player (10009) from cache
I, [2014-06-12T11:20:30.501149 #3085]  INFO -- : 10009 login
I, [2014-06-12T11:21:52.578104 #3085]  INFO -- : 10036 logout
I, [2014-06-12T11:22:18.418728 #3085]  INFO -- : create player (10037) from database
I, [2014-06-12T11:22:18.419421 #3085]  INFO -- : 10037 login
I, [2014-06-12T11:23:33.979091 #3085]  INFO -- : 10037 logout
I, [2014-06-12T11:29:45.342719 #3085]  INFO -- : create player (10039) from database
I, [2014-06-12T11:29:45.343483 #3085]  INFO -- : 10039 login
I, [2014-06-12T11:40:22.037433 #3085]  INFO -- : create player (10040) from database
I, [2014-06-12T11:40:22.038545 #3085]  INFO -- : 10040 login
