# Logfile created on 2014-06-04 11:42:33 +0800 by logger.rb/44203
I, [2014-06-04T11:42:33.614135 #2920]  INFO -- : Connecting to LoginServer
I, [2014-06-04T11:42:33.614360 #2920]  INFO -- : Connecting to LoginServer successful
I, [2014-06-04T11:42:35.242321 #2920]  INFO -- : Connecting to RunServer
I, [2014-06-04T11:42:35.242512 #2920]  INFO -- : Connecting to RunServer successful
I, [2014-06-04T12:07:47.721930 #3494]  INFO -- : Connecting to LoginServer
I, [2014-06-04T12:07:49.193205 #3494]  INFO -- : Connecting to LoginServer successful
I, [2014-06-04T12:07:49.193403 #3494]  INFO -- : Connecting to RunServer
I, [2014-06-04T12:07:49.523488 #3494]  INFO -- : Connecting to RunServer successful
I, [2014-06-04T12:08:42.076362 #3589]  INFO -- : Connecting to LoginServer
I, [2014-06-04T12:08:43.336437 #3589]  INFO -- : Connecting to LoginServer successful
I, [2014-06-04T12:08:43.336602 #3589]  INFO -- : Connecting to RunServer
I, [2014-06-04T12:08:43.567245 #3589]  INFO -- : Connecting to RunServer successful
I, [2014-06-04T12:10:02.807404 #3647]  INFO -- : Connecting to LoginServer
I, [2014-06-04T12:10:03.676369 #3647]  INFO -- : Connecting to LoginServer successful
I, [2014-06-04T12:10:03.676595 #3647]  INFO -- : Connecting to RunServer
I, [2014-06-04T12:10:03.676802 #3647]  INFO -- : Connecting to RunServer successful
I, [2014-06-04T12:11:35.388319 #3792]  INFO -- : Connecting to LoginServer
I, [2014-06-04T12:11:36.034917 #3792]  INFO -- : Connecting to LoginServer successful
I, [2014-06-04T12:11:36.035128 #3792]  INFO -- : Connecting to RunServer
I, [2014-06-04T12:11:36.428911 #3792]  INFO -- : Connecting to RunServer successful
I, [2014-06-04T18:10:34.931900 #9669]  INFO -- : Connecting to LoginServer
I, [2014-06-04T18:10:36.134318 #9669]  INFO -- : Connecting to LoginServer successful
I, [2014-06-04T18:10:36.134519 #9669]  INFO -- : Connecting to RunServer
I, [2014-06-04T18:10:36.451428 #9669]  INFO -- : Connecting to RunServer successful
I, [2014-06-04T18:10:48.628540 #9707]  INFO -- : Connecting to LoginServer
I, [2014-06-04T18:10:49.358010 #9707]  INFO -- : Connecting to LoginServer successful
I, [2014-06-04T18:10:49.358214 #9707]  INFO -- : Connecting to RunServer
I, [2014-06-04T18:10:49.909788 #9707]  INFO -- : Connecting to RunServer successful
I, [2014-06-04T18:15:51.523367 #10162]  INFO -- : Connecting to LoginServer
I, [2014-06-04T18:16:12.490834 #10214]  INFO -- : Connecting to LoginServer
I, [2014-06-04T18:16:13.174695 #10214]  INFO -- : Connecting to LoginServer successful
I, [2014-06-04T18:16:13.174864 #10214]  INFO -- : Connecting to RunServer
I, [2014-06-04T18:16:13.175046 #10214]  INFO -- : Connecting to RunServer successful
I, [2014-06-04T18:16:39.785106 #10284]  INFO -- : Connecting to LoginServer
I, [2014-06-04T18:16:39.785850 #10284]  INFO -- : Connecting to LoginServer successful
I, [2014-06-04T18:16:40.863411 #10284]  INFO -- : Connecting to RunServer
I, [2014-06-04T18:16:41.112951 #10284]  INFO -- : Connecting to RunServer successful
I, [2014-06-04T18:23:07.970458 #10583]  INFO -- : Connecting to LoginServer
I, [2014-06-04T18:23:21.400324 #10605]  INFO -- : Connecting to LoginServer
I, [2014-06-04T18:23:57.206040 #10655]  INFO -- : Connecting to LoginServer
I, [2014-06-04T18:23:59.019733 #10655]  INFO -- : Connecting to LoginServer successful
I, [2014-06-04T18:23:59.019925 #10655]  INFO -- : Connecting to RunServer
I, [2014-06-04T18:23:59.255237 #10655]  INFO -- : Connecting to RunServer successful
I, [2014-06-04T18:24:12.290534 #10689]  INFO -- : Connecting to LoginServer
I, [2014-06-04T18:24:13.153844 #10689]  INFO -- : Connecting to LoginServer successful
I, [2014-06-04T18:24:13.154040 #10689]  INFO -- : Connecting to RunServer
I, [2014-06-04T18:24:13.154263 #10689]  INFO -- : Connecting to RunServer successful
I, [2014-06-04T18:28:19.355405 #11079]  INFO -- : Connecting to LoginServer
I, [2014-06-04T18:31:40.853875 #11279]  INFO -- : Connecting to LoginServer
I, [2014-06-04T18:31:40.854139 #11279]  INFO -- : Connecting to LoginServer successful
I, [2014-06-04T18:31:44.123965 #11279]  INFO -- : Connecting to RunServer
I, [2014-06-04T18:31:45.007788 #11279]  INFO -- : Connecting to RunServer successful
I, [2014-06-04T18:32:29.406178 #11321]  INFO -- : Connecting to LoginServer
I, [2014-06-04T18:32:37.465721 #11343]  INFO -- : Connecting to LoginServer
I, [2014-06-04T18:32:38.937836 #11343]  INFO -- : Connecting to LoginServer successful
I, [2014-06-04T18:32:38.938024 #11343]  INFO -- : Connecting to RunServer
I, [2014-06-04T18:32:38.938227 #11343]  INFO -- : Connecting to RunServer successful
I, [2014-06-04T18:35:00.595122 #11510]  INFO -- : Connecting to LoginServer
I, [2014-06-04T18:35:01.291752 #11510]  INFO -- : Connecting to LoginServer successful
I, [2014-06-04T18:35:01.291905 #11510]  INFO -- : Connecting to RunServer
I, [2014-06-04T18:35:03.215313 #11510]  INFO -- : Connecting to RunServer successful
I, [2014-06-04T18:39:00.778737 #11709]  INFO -- : Connecting to LoginServer
I, [2014-06-04T18:39:01.615963 #11709]  INFO -- : Connecting to LoginServer successful
I, [2014-06-04T18:39:01.616135 #11709]  INFO -- : Connecting to RunServer
I, [2014-06-04T18:39:02.200103 #11709]  INFO -- : Connecting to RunServer successful
I, [2014-06-04T18:39:37.894148 #11768]  INFO -- : Connecting to LoginServer
I, [2014-06-04T18:39:37.894487 #11768]  INFO -- : Connecting to LoginServer successful
I, [2014-06-04T18:39:37.894607 #11768]  INFO -- : Connecting to RunServer
I, [2014-06-04T18:39:39.265813 #11768]  INFO -- : Connecting to RunServer successful
I, [2014-06-04T18:41:36.304527 #11892]  INFO -- : Connecting to LoginServer
I, [2014-06-04T18:41:37.122475 #11892]  INFO -- : Connecting to LoginServer successful
I, [2014-06-04T18:41:37.122814 #11892]  INFO -- : Connecting to RunServer
I, [2014-06-04T18:41:37.123010 #11892]  INFO -- : Connecting to RunServer successful
I, [2014-06-04T19:55:09.101808 #12153]  INFO -- : Connecting to LoginServer
I, [2014-06-04T19:55:09.102203 #12153]  INFO -- : Connecting to LoginServer successful
I, [2014-06-04T19:55:09.679595 #12153]  INFO -- : Connecting to RunServer
I, [2014-06-04T19:55:09.679897 #12153]  INFO -- : Connecting to RunServer successful
I, [2014-06-04T19:56:08.860177 #12244]  INFO -- : Connecting to LoginServer
I, [2014-06-04T19:56:09.744840 #12244]  INFO -- : Connecting to LoginServer successful
I, [2014-06-04T19:56:09.745313 #12244]  INFO -- : Connecting to RunServer
I, [2014-06-04T19:56:09.745560 #12244]  INFO -- : Connecting to RunServer successful
